<?xml version="1.0" encoding="UTF-8" ?>
<testsuite errors="0" failures="1" hostname="ISPCN-PC" name="converter.ConverterEngineTest" skipped="0" tests="5" time="0.401" timestamp="2016-08-26T11:58:15">
  <properties>
    <property name="file.encoding.pkg" value="sun.io" />
    <property name="ivy.retrieve.pattern.ivy.instance" value="C:\Users\Stelio\Desktop\Agile Software Development with SCRUM and Formal Unified Process\pm83-numberConverter/lib/[artifact]-[revision](-[classifier]).[ext]" />
    <property name="java.vendor.url.ivy.instance" value="http://java.oracle.com/" />
    <property name="ivy.local.default.ivy.pattern.ivy.instance" value="[organisation]/[module]/[revision]/[type]s/[artifact].[ext]" />
    <property name="ivy.project.dir.ivy.instance" value="C:\Users\Stelio\Desktop\Agile Software Development with SCRUM and Formal Unified Process\pm83-numberConverter" />
    <property name="ivy.resolve.default.type.filter" value="*" />
    <property name="java.home" value="C:\Program Files\Java\jdk1.8.0_65\jre" />
    <property name="ivy.configurations.ivy.instance" value="*" />
    <property name="test.src.dir" value="src/test/java" />
    <property name="ivy.basedir.ivy.instance" value="C:\Users\Stelio\Desktop\Agile Software Development with SCRUM and Formal Unified Process\pm83-numberConverter" />
    <property name="ivy.dep.file.ivy.instance" value="ivy.xml" />
    <property name="java.endorsed.dirs" value="C:\Program Files\Java\jdk1.8.0_65\jre\lib\endorsed" />
    <property name="java.class.path.ivy.instance" value="C:/Program Files/Apache Software Foundation/apache-ant-1.9.7/lib/ant-launcher.jar;C:\Program Files\Apache Software Foundation\apache-ant-1.9.7\lib\ant-antlr.jar;C:\Program Files\Apache Software Foundation\apache-ant-1.9.7\lib\ant-apache-bcel.jar;C:\Program Files\Apache Software Foundation\apache-ant-1.9.7\lib\ant-apache-bsf.jar;C:\Program Files\Apache Software Foundation\apache-ant-1.9.7\lib\ant-apache-log4j.jar;C:\Program Files\Apache Software Foundation\apache-ant-1.9.7\lib\ant-apache-oro.jar;C:\Program Files\Apache Software Foundation\apache-ant-1.9.7\lib\ant-apache-regexp.jar;C:\Program Files\Apache Software Foundation\apache-ant-1.9.7\lib\ant-apache-resolver.jar;C:\Program Files\Apache Software Foundation\apache-ant-1.9.7\lib\ant-apache-xalan2.jar;C:\Program Files\Apache Software Foundation\apache-ant-1.9.7\lib\ant-commons-logging.jar;C:\Program Files\Apache Software Foundation\apache-ant-1.9.7\lib\ant-commons-net.jar;C:\Program Files\Apache Software Foundation\apache-ant-1.9.7\lib\ant-jai.jar;C:\Program Files\Apache Software Foundation\apache-ant-1.9.7\lib\ant-javamail.jar;C:\Program Files\Apache Software Foundation\apache-ant-1.9.7\lib\ant-jdepend.jar;C:\Program Files\Apache Software Foundation\apache-ant-1.9.7\lib\ant-jmf.jar;C:\Program Files\Apache Software Foundation\apache-ant-1.9.7\lib\ant-jsch.jar;C:\Program Files\Apache Software Foundation\apache-ant-1.9.7\lib\ant-junit.jar;C:\Program Files\Apache Software Foundation\apache-ant-1.9.7\lib\ant-junit4.jar;C:\Program Files\Apache Software Foundation\apache-ant-1.9.7\lib\ant-launcher.jar;C:\Program Files\Apache Software Foundation\apache-ant-1.9.7\lib\ant-netrexx.jar;C:\Program Files\Apache Software Foundation\apache-ant-1.9.7\lib\ant-swing.jar;C:\Program Files\Apache Software Foundation\apache-ant-1.9.7\lib\ant-testutil.jar;C:\Program Files\Apache Software Foundation\apache-ant-1.9.7\lib\ant.jar;C:\Program Files\Apache Software Foundation\apache-ant-1.9.7\lib\ivy-2.4.0.jar;C:\Program Files\Java\jdk1.8.0_65\lib\tools.jar" />
    <property name="ivy.home" value="C:\Users\Stelio\.ivy2" />
    <property name="src.dir" value="src/main/java" />
    <property name="java.vm.specification.vendor.ivy.instance" value="Oracle Corporation" />
    <property name="sun.os.patch.level" value="" />
    <property name="ivy.dep.file" value="ivy.xml" />
    <property name="java.vendor.url" value="http://java.oracle.com/" />
    <property name="ivy.local.default.artifact.pattern.ivy.instance" value="[organisation]/[module]/[revision]/[type]s/[artifact].[ext]" />
    <property name="ivy.lib.dir.ivy.instance" value="C:\Users\Stelio\Desktop\Agile Software Development with SCRUM and Formal Unified Process\pm83-numberConverter/lib" />
    <property name="java.version" value="1.8.0_65" />
    <property name="ivy.conf.dir.ivy.instance" value="jar:file:/C:/Program%20Files/Apache%20Software%20Foundation/apache-ant-1.9.7/lib/ivy-2.4.0.jar!/org/apache/ivy/core/settings" />
    <property name="sun.boot.library.path.ivy.instance" value="C:\Program Files\Java\jdk1.8.0_65\jre\bin" />
    <property name="ivy.report.output.pattern.ivy.instance" value="[organisation]-[module]-[conf].[ext]" />
    <property name="ivy.module" value="pm83-numberConverter" />
    <property name="ivy.publish.src.artifacts.pattern.ivy.instance" value="C:\Users\Stelio\Desktop\Agile Software Development with SCRUM and Formal Unified Process\pm83-numberConverter/distrib/[type]s/[artifact]-[revision](-[classifier]).[ext]" />
    <property name="js.dir" value="src/main/webapp/javascripts" />
    <property name="java.vendor.url.bug" value="http://bugreport.sun.com/bugreport/" />
    <property name="sun.management.compiler.ivy.instance" value="HotSpot 64-Bit Tiered Compilers" />
    <property name="ant.project.invoked-targets" value="war" />
    <property name="ivy.local.default.artifact.pattern" value="[organisation]/[module]/[revision]/[type]s/[artifact].[ext]" />
    <property name="os.name.ivy.instance" value="Windows 8" />
    <property name="ivy.default.ivy.user.dir.ivy.instance" value="C:\Users\Stelio\.ivy2" />
    <property name="ivy.default.always.check.exact.revision" value="false" />
    <property name="ivy.default.settings.dir.ivy.instance" value="jar:file:/C:/Program%20Files/Apache%20Software%20Foundation/apache-ant-1.9.7/lib/ivy-2.4.0.jar!/org/apache/ivy/core/settings" />
    <property name="user.name" value="Stelio" />
    <property name="sun.io.unicode.encoding" value="UnicodeLittle" />
    <property name="ivy.shared.default.root.ivy.instance" value="C:\Users\Stelio\.ivy2/shared" />
    <property name="sun.jnu.encoding" value="Cp1252" />
    <property name="java.runtime.name" value="Java(TM) SE Runtime Environment" />
    <property name="ant.home.ivy.instance" value="C:/Program Files/Apache Software Foundation/apache-ant-1.9.7" />
    <property name="output.dir" value="target" />
    <property name="file.encoding.ivy.instance" value="Cp1252" />
    <property name="ivy.cache.ttl.default.ivy.instance" value="10s" />
    <property name="java.specification.vendor.ivy.instance" value="Oracle Corporation" />
    <property name="java.vendor.ivy.instance" value="Oracle Corporation" />
    <property name="lib.dir" value="src/main/webapp/WEB-INF/lib" />
    <property name="sun.cpu.isalist.ivy.instance" value="amd64" />
    <property name="java.specification.name" value="Java Platform API Specification" />
    <property name="user.timezone" value="" />
    <property name="java.endorsed.dirs.ivy.instance" value="C:\Program Files\Java\jdk1.8.0_65\jre\lib\endorsed" />
    <property name="css.dir" value="src/main/webapp/stylesheets" />
    <property name="user.script" value="" />
    <property name="path.separator" value=";" />
    <property name="java.class.version.ivy.instance" value="52.0" />
    <property name="ivy.default.conf.dir" value="jar:file:/C:/Program%20Files/Apache%20Software%20Foundation/apache-ant-1.9.7/lib/ivy-2.4.0.jar!/org/apache/ivy/core/settings" />
    <property name="project.name" value="pm83-numberConverter" />
    <property name="file.encoding" value="Cp1252" />
    <property name="java.runtime.name.ivy.instance" value="Java(TM) SE Runtime Environment" />
    <property name="ivy.resolve.default.type.filter.ivy.instance" value="*" />
    <property name="ant.project.default-target" value="war" />
    <property name="ivy.targets.copied" value="false" />
    <property name="ivy.parents.count" value="0" />
    <property name="sun.java.command" value="org.apache.tools.ant.taskdefs.optional.junit.JUnitTestRunner converter.ConverterEngineTest skipNonTests=false filtertrace=true haltOnError=false haltOnFailure=true showoutput=false outputtoformatters=true logfailedtests=true threadid=0 logtestlistenerevents=false formatter=org.apache.tools.ant.taskdefs.optional.junit.BriefJUnitResultFormatter formatter=org.apache.tools.ant.taskdefs.optional.junit.XMLJUnitResultFormatter,C:\Users\Stelio\Desktop\Agile Software Development with SCRUM and Formal Unified Process\pm83-numberConverter\target\test-results\TEST-converter.ConverterEngineTest.xml crashfile=C:\Users\Stelio\Desktop\Agile Software Development with SCRUM and Formal Unified Process\pm83-numberConverter\junitvmwatcher5980414402915622231.properties propsfile=C:\Users\Stelio\Desktop\Agile Software Development with SCRUM and Formal Unified Process\pm83-numberConverter\junit455408194163742876.properties" />
    <property name="ivy.shared.default.artifact.pattern" value="[organisation]/[module]/[revision]/[type]s/[artifact].[ext]" />
    <property name="ant.file" value="C:\Users\Stelio\Desktop\Agile Software Development with SCRUM and Formal Unified Process\pm83-numberConverter\build.xml" />
    <property name="ivy.distrib.dir.ivy.instance" value="C:\Users\Stelio\Desktop\Agile Software Development with SCRUM and Formal Unified Process\pm83-numberConverter/distrib" />
    <property name="ivy.checksums.ivy.instance" value="sha1,md5" />
    <property name="sun.arch.data.model.ivy.instance" value="64" />
    <property name="ivy.build.artifacts.dir.ivy.instance" value="C:\Users\Stelio\Desktop\Agile Software Development with SCRUM and Formal Unified Process\pm83-numberConverter/build/artifacts" />
    <property name="user.variant.ivy.instance" value="" />
    <property name="ivy.settings.file" value="ivysettings.xml" />
    <property name="java.io.tmpdir" value="C:\Users\Stelio\AppData\Local\Temp\" />
    <property name="ivy.buildlist.ivyfilepath.ivy.instance" value="ivy.xml" />
    <property name="ivy.cache.ttl.default" value="10s" />
    <property name="user.language" value="en" />
    <property name="user.dir.ivy.instance" value="C:\Users\Stelio\Desktop\Agile Software Development with SCRUM and Formal Unified Process\pm83-numberConverter" />
    <property name="ivy.home.ivy.instance" value="C:\Users\Stelio\.ivy2" />
    <property name="line.separator" value="&#xd;&#xa;" />
    <property name="java.specification.version.ivy.instance" value="1.8" />
    <property name="ant.file.type" value="file" />
    <property name="ivy.build.artifacts.dir" value="C:\Users\Stelio\Desktop\Agile Software Development with SCRUM and Formal Unified Process\pm83-numberConverter/build/artifacts" />
    <property name="ivy.settings.dir.url" value="jar:file:/C:/Program%20Files/Apache%20Software%20Foundation/apache-ant-1.9.7/lib/ivy-2.4.0.jar!/org/apache/ivy/core/settings" />
    <property name="sun.io.unicode.encoding.ivy.instance" value="UnicodeLittle" />
    <property name="ivy.status" value="integration" />
    <property name="java.vm.info" value="mixed mode" />
    <property name="ivy.lib.dir" value="C:\Users\Stelio\Desktop\Agile Software Development with SCRUM and Formal Unified Process\pm83-numberConverter/lib" />
    <property name="sun.desktop" value="windows" />
    <property name="java.vm.specification.name" value="Java Virtual Machine Specification" />
    <property name="ivy.default.conf.dir.ivy.instance" value="jar:file:/C:/Program%20Files/Apache%20Software%20Foundation/apache-ant-1.9.7/lib/ivy-2.4.0.jar!/org/apache/ivy/core/settings" />
    <property name="java.vm.version.ivy.instance" value="25.65-b01" />
    <property name="user.name.ivy.instance" value="Stelio" />
    <property name="ivy.cache.dir" value="C:\Users\Stelio\.ivy2\cache" />
    <property name="java.awt.printerjob" value="sun.awt.windows.WPrinterJob" />
    <property name="java.io.tmpdir.ivy.instance" value="C:\Users\Stelio\AppData\Local\Temp\" />
    <property name="ant.version" value="Apache Ant(TM) version 1.9.7 compiled on April 9 2016" />
    <property name="java.home.ivy.instance" value="C:\Program Files\Java\jdk1.8.0_65\jre" />
    <property name="java.vm.vendor.ivy.instance" value="Oracle Corporation" />
    <property name="test.build.dir" value="target/test-classes" />
    <property name="ant.file.type.pm83-numberConverter" value="file" />
    <property name="user.script.ivy.instance" value="" />
    <property name="ivy.default.settings.dir" value="jar:file:/C:/Program%20Files/Apache%20Software%20Foundation/apache-ant-1.9.7/lib/ivy-2.4.0.jar!/org/apache/ivy/core/settings" />
    <property name="ivy.configurations" value="*" />
    <property name="ivy.settings.url" value="jar:file:/C:/Program%20Files/Apache%20Software%20Foundation/apache-ant-1.9.7/lib/ivy-2.4.0.jar!/org/apache/ivy/core/settings/ivysettings.xml" />
    <property name="os.name" value="Windows 8" />
    <property name="java.specification.vendor" value="Oracle Corporation" />
    <property name="sun.jnu.encoding.ivy.instance" value="Cp1252" />
    <property name="ivy.deliver.ivy.pattern.ivy.instance" value="C:\Users\Stelio\Desktop\Agile Software Development with SCRUM and Formal Unified Process\pm83-numberConverter/distrib/[type]s/[artifact]-[revision](-[classifier]).[ext]" />
    <property name="webapp.dir" value="src/main/webapp" />
    <property name="ivy.checksums" value="sha1,md5" />
    <property name="java.vm.name" value="Java HotSpot(TM) 64-Bit Server VM" />
    <property name="ivy.jar.file" value="ivy-2.4.0.jar" />
    <property name="ivy.log.modules.in.use" value="false" />
    <property name="java.runtime.version.ivy.instance" value="1.8.0_65-b17" />
    <property name="ivy.report.output.pattern" value="[organisation]-[module]-[conf].[ext]" />
    <property name="ivy.version" value="2.4.0" />
    <property name="java.library.path" value="C:\Program Files\Java\jdk1.8.0_65\jre\bin;C:\Windows\Sun\Java\bin;C:\Windows\system32;C:\Windows;C:\Users\Stelio\bin;C:\Program Files\Git\mingw64\bin;C:\Program Files\Git\usr\local\bin;C:\Program Files\Git\usr\bin;C:\Program Files\Git\usr\bin;C:\Program Files\Git\mingw64\bin;C:\Program Files\Git\usr\bin;C:\Users\Stelio\bin;C:\ProgramData\Oracle\Java\javapath;C:\Program Files (x86)\AMD APP\bin\x86_64;C:\Program Files (x86)\AMD APP\bin\x86;C:\Windows\system32;C:\Windows;C:\Windows\System32\Wbem;C:\Windows\System32\WindowsPowerShell\v1.0;C:\Program Files (x86)\WinMerge;C:\Program Files (x86)\ATI Technologies\ATI.ACE\Core-Static;C:\Program Files (x86)\Intel\OpenCL SDK\2.0\bin\x86;C:\Program Files (x86)\Intel\OpenCL SDK\2.0\bin\x64;C:\Program Files\MySQL\MySQL Server 5.5\bin;C:\Program Files\Java\jdk1.8.0_65\bin;C:\Program Files\Java\jre1.8.0_65\bin;C:\Program Files (x86)\Skype\Phone;C:\Program Files\Apache Software Foundation\Tomcat 7.0\bin;C:\Program Files\Apache Software Foundation\apache-ant-1.9.7\bin;C:\Program Files\Git\cmd;C:\Program Files\Git\usr\bin\vendor_perl;C:\Program Files\Git\usr\bin\core_perl;." />
    <property name="ivy.conf.url" value="jar:file:/C:/Program%20Files/Apache%20Software%20Foundation/apache-ant-1.9.7/lib/ivy-2.4.0.jar!/org/apache/ivy/core/settings/ivysettings.xml" />
    <property name="java.vm.name.ivy.instance" value="Java HotSpot(TM) 64-Bit Server VM" />
    <property name="os.version.ivy.instance" value="6.2" />
    <property name="line.separator.ivy.instance" value="&#xd;&#xa;" />
    <property name="ant.java.version" value="1.8" />
    <property name="sun.desktop.ivy.instance" value="windows" />
    <property name="sun.cpu.endian.ivy.instance" value="little" />
    <property name="java.vm.specification.name.ivy.instance" value="Java Virtual Machine Specification" />
    <property name="basedir" value="C:\Users\Stelio\Desktop\Agile Software Development with SCRUM and Formal Unified Process\pm83-numberConverter" />
    <property name="java.class.version" value="52.0" />
    <property name="persistence" value="persistence.xml" />
    <property name="ivy.settings.url.ivy.instance" value="jar:file:/C:/Program%20Files/Apache%20Software%20Foundation/apache-ant-1.9.7/lib/ivy-2.4.0.jar!/org/apache/ivy/core/settings/ivysettings.xml" />
    <property name="path.separator.ivy.instance" value=";" />
    <property name="sun.boot.class.path.ivy.instance" value="C:\Program Files\Java\jdk1.8.0_65\jre\lib\resources.jar;C:\Program Files\Java\jdk1.8.0_65\jre\lib\rt.jar;C:\Program Files\Java\jdk1.8.0_65\jre\lib\sunrsasign.jar;C:\Program Files\Java\jdk1.8.0_65\jre\lib\jsse.jar;C:\Program Files\Java\jdk1.8.0_65\jre\lib\jce.jar;C:\Program Files\Java\jdk1.8.0_65\jre\lib\charsets.jar;C:\Program Files\Java\jdk1.8.0_65\jre\lib\jfr.jar;C:\Program Files\Java\jdk1.8.0_65\jre\classes" />
    <property name="ant.home" value="C:/Program Files/Apache Software Foundation/apache-ant-1.9.7" />
    <property name="ivy.resolved.configurations" value="default, provided, test, acceptance-test, minify" />
    <property name="ivy.deliver.ivy.pattern" value="C:\Users\Stelio\Desktop\Agile Software Development with SCRUM and Formal Unified Process\pm83-numberConverter/distrib/[type]s/[artifact]-[revision](-[classifier]).[ext]" />
    <property name="sun.boot.library.path" value="C:\Program Files\Java\jdk1.8.0_65\jre\bin" />
    <property name="build.dir" value="src/main/webapp/WEB-INF/classes" />
    <property name="ivy.default.always.check.exact.revision.ivy.instance" value="false" />
    <property name="java.library.path.ivy.instance" value="C:\Program Files\Java\jdk1.8.0_65\jre\bin;C:\Windows\Sun\Java\bin;C:\Windows\system32;C:\Windows;C:\Users\Stelio\bin;C:\Program Files\Git\mingw64\bin;C:\Program Files\Git\usr\local\bin;C:\Program Files\Git\usr\bin;C:\Program Files\Git\usr\bin;C:\Program Files\Git\mingw64\bin;C:\Program Files\Git\usr\bin;C:\Users\Stelio\bin;C:\ProgramData\Oracle\Java\javapath;C:\Program Files (x86)\AMD APP\bin\x86_64;C:\Program Files (x86)\AMD APP\bin\x86;C:\Windows\system32;C:\Windows;C:\Windows\System32\Wbem;C:\Windows\System32\WindowsPowerShell\v1.0;C:\Program Files (x86)\WinMerge;C:\Program Files (x86)\ATI Technologies\ATI.ACE\Core-Static;C:\Program Files (x86)\Intel\OpenCL SDK\2.0\bin\x86;C:\Program Files (x86)\Intel\OpenCL SDK\2.0\bin\x64;C:\Program Files\MySQL\MySQL Server 5.5\bin;C:\Program Files\Java\jdk1.8.0_65\bin;C:\Program Files\Java\jre1.8.0_65\bin;C:\Program Files (x86)\Skype\Phone;C:\Program Files\Apache Software Foundation\Tomcat 7.0\bin;C:\Program Files\Apache Software Foundation\apache-ant-1.9.7\bin;C:\Program Files\Git\cmd;C:\Program Files\Git\usr\bin\vendor_perl;C:\Program Files\Git\usr\bin\core_perl;." />
    <property name="awt.toolkit.ivy.instance" value="sun.awt.windows.WToolkit" />
    <property name="ivy.basedir" value="C:\Users\Stelio\Desktop\Agile Software Development with SCRUM and Formal Unified Process\pm83-numberConverter" />
    <property name="sun.management.compiler" value="HotSpot 64-Bit Tiered Compilers" />
    <property name="java.awt.graphicsenv" value="sun.awt.Win32GraphicsEnvironment" />
    <property name="java.ext.dirs.ivy.instance" value="C:\Program Files\Java\jdk1.8.0_65\jre\lib\ext;C:\Windows\Sun\Java\lib\ext" />
    <property name="user.variant" value="" />
    <property name="ivy.log.modules.in.use.ivy.instance" value="false" />
    <property name="ivy.settings.dir.url.ivy.instance" value="jar:file:/C:/Program%20Files/Apache%20Software%20Foundation/apache-ant-1.9.7/lib/ivy-2.4.0.jar!/org/apache/ivy/core/settings" />
    <property name="sun.os.patch.level.ivy.instance" value="" />
    <property name="file.encoding.pkg.ivy.instance" value="sun.io" />
    <property name="ivy.shared.default.ivy.pattern" value="[organisation]/[module]/[revision]/[type]s/[artifact].[ext]" />
    <property name="ivy.resolver.default.check.modified" value="false" />
    <property name="ivy.settings.file.ivy.instance" value="ivysettings.xml" />
    <property name="ivy.nb.targets.copied" value="0" />
    <property name="ant.project.name" value="pm83-numberConverter" />
    <property name="ivy.cache.dir.ivy.instance" value="C:\Users\Stelio\.ivy2\cache" />
    <property name="java.vm.specification.version" value="1.8" />
    <property name="resources.dir" value="src/main/resources" />
    <property name="ivy.status.ivy.instance" value="integration" />
    <property name="awt.toolkit" value="sun.awt.windows.WToolkit" />
    <property name="sun.cpu.isalist" value="amd64" />
    <property name="file.separator.ivy.instance" value="\" />
    <property name="ivy.deps.changed" value="false" />
    <property name="java.ext.dirs" value="C:\Program Files\Java\jdk1.8.0_65\jre\lib\ext;C:\Windows\Sun\Java\lib\ext" />
    <property name="ivy.local.default.root.ivy.instance" value="C:\Users\Stelio\.ivy2/local" />
    <property name="os.version" value="6.2" />
    <property name="user.home" value="C:\Users\Stelio" />
    <property name="sun.java.launcher.ivy.instance" value="SUN_STANDARD" />
    <property name="java.vm.vendor" value="Oracle Corporation" />
    <property name="ivy.local.default.root" value="C:\Users\Stelio\.ivy2/local" />
    <property name="ivy.organisation" value="pm83-numberConverter" />
    <property name="user.dir" value="C:\Users\Stelio\Desktop\Agile Software Development with SCRUM and Formal Unified Process\pm83-numberConverter" />
    <property name="ant.library.dir.ivy.instance" value="C:/Program Files/Apache Software Foundation/apache-ant-1.9.7/lib" />
    <property name="ivy.local.default.ivy.pattern" value="[organisation]/[module]/[revision]/[type]s/[artifact].[ext]" />
    <property name="ivy.shared.default.ivy.pattern.ivy.instance" value="[organisation]/[module]/[revision]/[type]s/[artifact].[ext]" />
    <property name="ivy.publish.src.artifacts.pattern" value="C:\Users\Stelio\Desktop\Agile Software Development with SCRUM and Formal Unified Process\pm83-numberConverter/distrib/[type]s/[artifact]-[revision](-[classifier]).[ext]" />
    <property name="java.vm.info.ivy.instance" value="mixed mode" />
    <property name="sun.java.command.ivy.instance" value="org.apache.tools.ant.launch.Launcher -cp " />
    <property name="ivy.distrib.dir" value="C:\Users\Stelio\Desktop\Agile Software Development with SCRUM and Formal Unified Process\pm83-numberConverter/distrib" />
    <property name="sun.cpu.endian" value="little" />
    <property name="ivy.revision" value="working@ISPCN-PC" />
    <property name="user.timezone.ivy.instance" value="Africa/Harare" />
    <property name="java.vm.version" value="25.65-b01" />
    <property name="java.class.path" value="C:\Users\Stelio\Desktop\Agile Software Development with SCRUM and Formal Unified Process\pm83-numberConverter\lib\test\hamcrest-all-1.1.jar;C:\Users\Stelio\Desktop\Agile Software Development with SCRUM and Formal Unified Process\pm83-numberConverter\lib\test\junit-4.8.2.jar;C:\Users\Stelio\Desktop\Agile Software Development with SCRUM and Formal Unified Process\pm83-numberConverter\lib\test\mockito-all-1.8.5.jar;C:\Users\Stelio\Desktop\Agile Software Development with SCRUM and Formal Unified Process\pm83-numberConverter\src\main\webapp\WEB-INF\lib\antlr-2.7.7.jar;C:\Users\Stelio\Desktop\Agile Software Development with SCRUM and Formal Unified Process\pm83-numberConverter\src\main\webapp\WEB-INF\lib\cdi-api-1.1.jar;C:\Users\Stelio\Desktop\Agile Software Development with SCRUM and Formal Unified Process\pm83-numberConverter\src\main\webapp\WEB-INF\lib\classmate-1.0.0.jar;C:\Users\Stelio\Desktop\Agile Software Development with SCRUM and Formal Unified Process\pm83-numberConverter\src\main\webapp\WEB-INF\lib\dom4j-1.6.1.jar;C:\Users\Stelio\Desktop\Agile Software Development with SCRUM and Formal Unified Process\pm83-numberConverter\src\main\webapp\WEB-INF\lib\guava-13.0.1.jar;C:\Users\Stelio\Desktop\Agile Software Development with SCRUM and Formal Unified Process\pm83-numberConverter\src\main\webapp\WEB-INF\lib\hibernate-commons-annotations-4.0.5.Final.jar;C:\Users\Stelio\Desktop\Agile Software Development with SCRUM and Formal Unified Process\pm83-numberConverter\src\main\webapp\WEB-INF\lib\hibernate-core-4.3.7.Final.jar;C:\Users\Stelio\Desktop\Agile Software Development with SCRUM and Formal Unified Process\pm83-numberConverter\src\main\webapp\WEB-INF\lib\hibernate-entitymanager-4.3.7.Final.jar;C:\Users\Stelio\Desktop\Agile Software Development with SCRUM and Formal Unified Process\pm83-numberConverter\src\main\webapp\WEB-INF\lib\hibernate-jpa-2.1-api-1.0.0.Final.jar;C:\Users\Stelio\Desktop\Agile Software Development with SCRUM and Formal Unified Process\pm83-numberConverter\src\main\webapp\WEB-INF\lib\hibernate-validator-5.1.3.Final.jar;C:\Users\Stelio\Desktop\Agile Software Development with SCRUM and Formal Unified Process\pm83-numberConverter\src\main\webapp\WEB-INF\lib\hibernate-validator-cdi-5.1.3.Final.jar;C:\Users\Stelio\Desktop\Agile Software Development with SCRUM and Formal Unified Process\pm83-numberConverter\src\main\webapp\WEB-INF\lib\jandex-1.1.0.Final.jar;C:\Users\Stelio\Desktop\Agile Software Development with SCRUM and Formal Unified Process\pm83-numberConverter\src\main\webapp\WEB-INF\lib\javassist-3.18.1-GA.jar;C:\Users\Stelio\Desktop\Agile Software Development with SCRUM and Formal Unified Process\pm83-numberConverter\src\main\webapp\WEB-INF\lib\javax.inject-1.jar;C:\Users\Stelio\Desktop\Agile Software Development with SCRUM and Formal Unified Process\pm83-numberConverter\src\main\webapp\WEB-INF\lib\jboss-annotations-api_1.2_spec-1.0.0.Alpha1.jar;C:\Users\Stelio\Desktop\Agile Software Development with SCRUM and Formal Unified Process\pm83-numberConverter\src\main\webapp\WEB-INF\lib\jboss-classfilewriter-1.0.4.Final.jar;C:\Users\Stelio\Desktop\Agile Software Development with SCRUM and Formal Unified Process\pm83-numberConverter\src\main\webapp\WEB-INF\lib\jboss-el-api_3.0_spec-1.0.0.Alpha1.jar;C:\Users\Stelio\Desktop\Agile Software Development with SCRUM and Formal Unified Process\pm83-numberConverter\src\main\webapp\WEB-INF\lib\jboss-interceptors-api_1.2_spec-1.0.0.Alpha3.jar;C:\Users\Stelio\Desktop\Agile Software Development with SCRUM and Formal Unified Process\pm83-numberConverter\src\main\webapp\WEB-INF\lib\jboss-logging-3.1.3.GA.jar;C:\Users\Stelio\Desktop\Agile Software Development with SCRUM and Formal Unified Process\pm83-numberConverter\src\main\webapp\WEB-INF\lib\jboss-logging-annotations-1.2.0.Beta1.jar;C:\Users\Stelio\Desktop\Agile Software Development with SCRUM and Formal Unified Process\pm83-numberConverter\src\main\webapp\WEB-INF\lib\jboss-transaction-api_1.2_spec-1.0.0.Final.jar;C:\Users\Stelio\Desktop\Agile Software Development with SCRUM and Formal Unified Process\pm83-numberConverter\src\main\webapp\WEB-INF\lib\joda-time-2.6.jar;C:\Users\Stelio\Desktop\Agile Software Development with SCRUM and Formal Unified Process\pm83-numberConverter\src\main\webapp\WEB-INF\lib\jstl-1.2.jar;C:\Users\Stelio\Desktop\Agile Software Development with SCRUM and Formal Unified Process\pm83-numberConverter\src\main\webapp\WEB-INF\lib\junit-4.8.1.jar;C:\Users\Stelio\Desktop\Agile Software Development with SCRUM and Formal Unified Process\pm83-numberConverter\src\main\webapp\WEB-INF\lib\log4j-1.2.17.jar;C:\Users\Stelio\Desktop\Agile Software Development with SCRUM and Formal Unified Process\pm83-numberConverter\src\main\webapp\WEB-INF\lib\mysql-connector-java-5.1.34.jar;C:\Users\Stelio\Desktop\Agile Software Development with SCRUM and Formal Unified Process\pm83-numberConverter\src\main\webapp\WEB-INF\lib\sitemesh-2.4.2.jar;C:\Users\Stelio\Desktop\Agile Software Development with SCRUM and Formal Unified Process\pm83-numberConverter\src\main\webapp\WEB-INF\lib\slf4j-api-1.7.9.jar;C:\Users\Stelio\Desktop\Agile Software Development with SCRUM and Formal Unified Process\pm83-numberConverter\src\main\webapp\WEB-INF\lib\slf4j-log4j12-1.7.9.jar;C:\Users\Stelio\Desktop\Agile Software Development with SCRUM and Formal Unified Process\pm83-numberConverter\src\main\webapp\WEB-INF\lib\usertype.core-3.2.0.GA.jar;C:\Users\Stelio\Desktop\Agile Software Development with SCRUM and Formal Unified Process\pm83-numberConverter\src\main\webapp\WEB-INF\lib\usertype.spi-3.2.0.GA.jar;C:\Users\Stelio\Desktop\Agile Software Development with SCRUM and Formal Unified Process\pm83-numberConverter\src\main\webapp\WEB-INF\lib\validation-api-1.1.0.Final.jar;C:\Users\Stelio\Desktop\Agile Software Development with SCRUM and Formal Unified Process\pm83-numberConverter\src\main\webapp\WEB-INF\lib\weld-api-2.1.Final.jar;C:\Users\Stelio\Desktop\Agile Software Development with SCRUM and Formal Unified Process\pm83-numberConverter\src\main\webapp\WEB-INF\lib\weld-core-impl-2.1.2.Final.jar;C:\Users\Stelio\Desktop\Agile Software Development with SCRUM and Formal Unified Process\pm83-numberConverter\src\main\webapp\WEB-INF\lib\weld-servlet-core-2.1.2.Final.jar;C:\Users\Stelio\Desktop\Agile Software Development with SCRUM and Formal Unified Process\pm83-numberConverter\src\main\webapp\WEB-INF\lib\weld-spi-2.1.Final.jar;C:\Users\Stelio\Desktop\Agile Software Development with SCRUM and Formal Unified Process\pm83-numberConverter\src\main\webapp\WEB-INF\lib\xml-apis-1.0.b2.jar;C:\Users\Stelio\Desktop\Agile Software Development with SCRUM and Formal Unified Process\pm83-numberConverter\lib\provided\javax.servlet-api-3.1.0.jar;C:\Users\Stelio\Desktop\Agile Software Development with SCRUM and Formal Unified Process\pm83-numberConverter\lib\provided\jsp-api-2.2.1-b03.jar;C:\Users\Stelio\Desktop\Agile Software Development with SCRUM and Formal Unified Process\pm83-numberConverter\target\test-classes;C:\Users\Stelio\Desktop\Agile Software Development with SCRUM and Formal Unified Process\pm83-numberConverter\src\main\webapp\WEB-INF\classes;C:\Program Files\Apache Software Foundation\apache-ant-1.9.7\lib\ant-launcher.jar;C:\Program Files\Apache Software Foundation\apache-ant-1.9.7\lib\ant.jar;C:\Program Files\Apache Software Foundation\apache-ant-1.9.7\lib\ant-junit.jar;C:\Program Files\Apache Software Foundation\apache-ant-1.9.7\lib\ant-junit4.jar" />
    <property name="ivy.default.ivy.user.dir" value="C:\Users\Stelio\.ivy2" />
    <property name="user.home.ivy.instance" value="C:\Users\Stelio" />
    <property name="basedir.ivy.instance" value="C:\Users\Stelio\Desktop\Agile Software Development with SCRUM and Formal Unified Process\pm83-numberConverter" />
    <property name="ant.library.dir" value="C:/Program Files/Apache Software Foundation/apache-ant-1.9.7/lib" />
    <property name="os.arch" value="amd64" />
    <property name="java.awt.graphicsenv.ivy.instance" value="sun.awt.Win32GraphicsEnvironment" />
    <property name="java.vendor.url.bug.ivy.instance" value="http://bugreport.sun.com/bugreport/" />
    <property name="java.vm.specification.version.ivy.instance" value="1.8" />
    <property name="sun.java.launcher" value="SUN_STANDARD" />
    <property name="java.awt.printerjob.ivy.instance" value="sun.awt.windows.WPrinterJob" />
    <property name="ivy.settings.dir.ivy.instance" value="jar:file:/C:/Program%20Files/Apache%20Software%20Foundation/apache-ant-1.9.7/lib/ivy-2.4.0.jar!/org/apache/ivy/core/settings" />
    <property name="ant.core.lib" value="C:\Program Files\Apache Software Foundation\apache-ant-1.9.7\lib\ant.jar" />
    <property name="ivy.resolver.default.check.modified.ivy.instance" value="false" />
    <property name="java.vm.specification.vendor" value="Oracle Corporation" />
    <property name="ivy.settings.dir" value="jar:file:/C:/Program%20Files/Apache%20Software%20Foundation/apache-ant-1.9.7/lib/ivy-2.4.0.jar!/org/apache/ivy/core/settings" />
    <property name="file.separator" value="\" />
    <property name="user.language.ivy.instance" value="en" />
    <property name="ivy.shared.default.artifact.pattern.ivy.instance" value="[organisation]/[module]/[revision]/[type]s/[artifact].[ext]" />
    <property name="ant.file.pm83-numberConverter" value="C:\Users\Stelio\Desktop\Agile Software Development with SCRUM and Formal Unified Process\pm83-numberConverter\build.xml" />
    <property name="user.country.ivy.instance" value="US" />
    <property name="ivy.conf.url.ivy.instance" value="jar:file:/C:/Program%20Files/Apache%20Software%20Foundation/apache-ant-1.9.7/lib/ivy-2.4.0.jar!/org/apache/ivy/core/settings/ivysettings.xml" />
    <property name="java.runtime.version" value="1.8.0_65-b17" />
    <property name="java.specification.name.ivy.instance" value="Java Platform API Specification" />
    <property name="sun.boot.class.path" value="C:\Program Files\Java\jdk1.8.0_65\jre\lib\resources.jar;C:\Program Files\Java\jdk1.8.0_65\jre\lib\rt.jar;C:\Program Files\Java\jdk1.8.0_65\jre\lib\sunrsasign.jar;C:\Program Files\Java\jdk1.8.0_65\jre\lib\jsse.jar;C:\Program Files\Java\jdk1.8.0_65\jre\lib\jce.jar;C:\Program Files\Java\jdk1.8.0_65\jre\lib\charsets.jar;C:\Program Files\Java\jdk1.8.0_65\jre\lib\jfr.jar;C:\Program Files\Java\jdk1.8.0_65\jre\classes" />
    <property name="ivy.conf.dir" value="jar:file:/C:/Program%20Files/Apache%20Software%20Foundation/apache-ant-1.9.7/lib/ivy-2.4.0.jar!/org/apache/ivy/core/settings" />
    <property name="ivy.retrieve.pattern" value="C:\Users\Stelio\Desktop\Agile Software Development with SCRUM and Formal Unified Process\pm83-numberConverter/lib/[artifact]-[revision](-[classifier]).[ext]" />
    <property name="user.country" value="US" />
    <property name="ivy.shared.default.root" value="C:\Users\Stelio\.ivy2/shared" />
    <property name="java.version.ivy.instance" value="1.8.0_65" />
    <property name="ivy.resolved.file" value="C:\Users\Stelio\Desktop\Agile Software Development with SCRUM and Formal Unified Process\pm83-numberConverter\ivy.xml" />
    <property name="test.resources.dir" value="src/test/resources" />
    <property name="os.arch.ivy.instance" value="amd64" />
    <property name="java.vendor" value="Oracle Corporation" />
    <property name="ivy.project.dir" value="C:\Users\Stelio\Desktop\Agile Software Development with SCRUM and Formal Unified Process\pm83-numberConverter" />
    <property name="java.specification.version" value="1.8" />
    <property name="sun.arch.data.model" value="64" />
    <property name="ivy.buildlist.ivyfilepath" value="ivy.xml" />
  </properties>
  <testcase classname="converter.ConverterEngineTest" name="testConvertFour" time="0.006" />
  <testcase classname="converter.ConverterEngineTest" name="testConvertNine" time="0.289">
    <failure message="expected:&lt;[IX]&gt; but was:&lt;[VIIII]&gt;" type="junit.framework.AssertionFailedError">junit.framework.AssertionFailedError: expected:&lt;[IX]&gt; but was:&lt;[VIIII]&gt;
	at converter.ConverterEngineTest.testConvertNine(ConverterEngineTest.java:78)
</failure>
  </testcase>
  <testcase classname="converter.ConverterEngineTest" name="testConvertSix" time="0.0" />
  <testcase classname="converter.ConverterEngineTest" name="testConvertExtremes" time="0.001" />
  <testcase classname="converter.ConverterEngineTest" name="testConvertLessOrThree" time="0.001" />
  <system-out><![CDATA[==Initializing Test Converter Engine Class==
=Initializing test case=
FOUR::: Actual IV
=Tearing test case=

=Initializing test case=
NINE::: Actual VIIII
=Tearing test case=

=Initializing test case=
SIX::: Actual VII
=Tearing test case=

=Initializing test case=
EXTREMES::: Actual X
=Tearing test case=

=Initializing test case=
THREEORLESS::: Actual II
=Tearing test case=

==Tearing down Test Converter Engine Class==
]]></system-out>
  <system-err><![CDATA[]]></system-err>
</testsuite>
